<?xml version="1.0" encoding="UTF-8"?>
<testng-results ignored="0" total="16" passed="16" failed="0" skipped="0">
  <reporter-output>
  </reporter-output>
  <suite started-at="2025-04-10T15:53:12 IST" name="Suite" finished-at="2025-04-10T15:55:48 IST" duration-ms="155954">
    <groups>
      <group name="SmokeTest">
        <method signature="CreateDocumentWithFourTestCase.CheckDocumentLinkTest()[pri:0, instance:com.comcast.documenttest.CreateDocumentWithFourTestCase@74e28667]" name="CheckDocumentLinkTest" class="com.comcast.documenttest.CreateDocumentWithFourTestCase"/>
        <method signature="CreateDocumentWithFourTestCase.CreateDocumentsTest()[pri:0, instance:com.comcast.documenttest.CreateDocumentWithFourTestCase@74e28667]" name="CreateDocumentsTest" class="com.comcast.documenttest.CreateDocumentWithFourTestCase"/>
        <method signature="CreateDocumentWithFourTestCase.DocumentAddIconTest()[pri:0, instance:com.comcast.documenttest.CreateDocumentWithFourTestCase@74e28667]" name="DocumentAddIconTest" class="com.comcast.documenttest.CreateDocumentWithFourTestCase"/>
        <method signature="CreateOpportunityWithThreeTestcase.opportunityTest()[pri:0, instance:com.comcast.opportunittest.CreateOpportunityWithThreeTestcase@7161d8d1]" name="opportunityTest" class="com.comcast.opportunittest.CreateOpportunityWithThreeTestcase"/>
        <method signature="CreateDocumentWithFourTestCase.CheckDocumentLinkTest()[pri:0, instance:com.comcast.documenttest.CreateDocumentWithFourTestCase@6c284af]" name="CheckDocumentLinkTest" class="com.comcast.documenttest.CreateDocumentWithFourTestCase"/>
        <method signature="CreateDocumentWithFourTestCase.CreateDocumentsTest()[pri:0, instance:com.comcast.documenttest.CreateDocumentWithFourTestCase@6c284af]" name="CreateDocumentsTest" class="com.comcast.documenttest.CreateDocumentWithFourTestCase"/>
        <method signature="CreateDocumentWithFourTestCase.DocumentAddIconTest()[pri:0, instance:com.comcast.documenttest.CreateDocumentWithFourTestCase@6c284af]" name="DocumentAddIconTest" class="com.comcast.documenttest.CreateDocumentWithFourTestCase"/>
        <method signature="CreateOpportunityWithThreeTestcase.opportunityTest()[pri:0, instance:com.comcast.opportunittest.CreateOpportunityWithThreeTestcase@7e057f43]" name="opportunityTest" class="com.comcast.opportunittest.CreateOpportunityWithThreeTestcase"/>
      </group> <!-- SmokeTest -->
      <group name="RegressionTest">
        <method signature="CreateDocumentWithFourTestCase.DeleteCreatedDocumentsTest()[pri:0, instance:com.comcast.documenttest.CreateDocumentWithFourTestCase@74e28667]" name="DeleteCreatedDocumentsTest" class="com.comcast.documenttest.CreateDocumentWithFourTestCase"/>
        <method signature="CreateOpportunityWithThreeTestcase.DeleteCreatedopportunityTest()[pri:0, instance:com.comcast.opportunittest.CreateOpportunityWithThreeTestcase@7161d8d1]" name="DeleteCreatedopportunityTest" class="com.comcast.opportunittest.CreateOpportunityWithThreeTestcase"/>
        <method signature="CreateOpportunityWithThreeTestcase.editCreatedOpportunityTest()[pri:0, instance:com.comcast.opportunittest.CreateOpportunityWithThreeTestcase@7161d8d1]" name="editCreatedOpportunityTest" class="com.comcast.opportunittest.CreateOpportunityWithThreeTestcase"/>
        <method signature="CreateProductTest.CreateProductsTest()[pri:0, instance:com.comcast.producttest.CreateProductTest@7ef82753]" name="CreateProductsTest" class="com.comcast.producttest.CreateProductTest"/>
        <method signature="CreateDocumentWithFourTestCase.DeleteCreatedDocumentsTest()[pri:0, instance:com.comcast.documenttest.CreateDocumentWithFourTestCase@6c284af]" name="DeleteCreatedDocumentsTest" class="com.comcast.documenttest.CreateDocumentWithFourTestCase"/>
        <method signature="CreateOpportunityWithThreeTestcase.DeleteCreatedopportunityTest()[pri:0, instance:com.comcast.opportunittest.CreateOpportunityWithThreeTestcase@7e057f43]" name="DeleteCreatedopportunityTest" class="com.comcast.opportunittest.CreateOpportunityWithThreeTestcase"/>
        <method signature="CreateOpportunityWithThreeTestcase.editCreatedOpportunityTest()[pri:0, instance:com.comcast.opportunittest.CreateOpportunityWithThreeTestcase@7e057f43]" name="editCreatedOpportunityTest" class="com.comcast.opportunittest.CreateOpportunityWithThreeTestcase"/>
        <method signature="CreateProductTest.CreateProductsTest()[pri:0, instance:com.comcast.producttest.CreateProductTest@6e9a5ed8]" name="CreateProductsTest" class="com.comcast.producttest.CreateProductTest"/>
      </group> <!-- RegressionTest -->
    </groups>
    <test started-at="2025-04-10T15:53:12 IST" name="TestRunner-Chrome" finished-at="2025-04-10T15:55:44 IST" duration-ms="152237">
      <class name="com.comcast.documenttest.CreateDocumentWithFourTestCase">
        <test-method is-config="true" signature="configBC(java.lang.String)[pri:0, instance:com.comcast.documenttest.CreateDocumentWithFourTestCase@6c284af]" started-at="2025-04-10T15:54:51 IST" name="configBC" finished-at="2025-04-10T15:54:53 IST" duration-ms="1742" status="PASS">
          <params>
            <param index="0">
              <value>
                <![CDATA[chrome]]>
              </value>
            </param>
          </params>
          <reporter-output>
          </reporter-output>
        </test-method> <!-- configBC -->
        <test-method is-config="true" signature="configBM()[pri:0, instance:com.comcast.documenttest.CreateDocumentWithFourTestCase@6c284af]" started-at="2025-04-10T15:54:53 IST" name="configBM" finished-at="2025-04-10T15:55:00 IST" duration-ms="6620" status="PASS">
          <reporter-output>
          </reporter-output>
        </test-method> <!-- configBM -->
        <test-method signature="CheckDocumentLinkTest()[pri:0, instance:com.comcast.documenttest.CreateDocumentWithFourTestCase@6c284af]" started-at="2025-04-10T15:55:00 IST" name="CheckDocumentLinkTest" finished-at="2025-04-10T15:55:02 IST" duration-ms="1954" status="PASS">
          <reporter-output>
          </reporter-output>
        </test-method> <!-- CheckDocumentLinkTest -->
        <test-method is-config="true" signature="configAM()[pri:0, instance:com.comcast.documenttest.CreateDocumentWithFourTestCase@6c284af]" started-at="2025-04-10T15:55:02 IST" name="configAM" finished-at="2025-04-10T15:55:03 IST" duration-ms="955" status="PASS">
          <reporter-output>
          </reporter-output>
        </test-method> <!-- configAM -->
        <test-method is-config="true" signature="configBM()[pri:0, instance:com.comcast.documenttest.CreateDocumentWithFourTestCase@6c284af]" started-at="2025-04-10T15:55:03 IST" name="configBM" finished-at="2025-04-10T15:55:04 IST" duration-ms="1717" status="PASS">
          <reporter-output>
          </reporter-output>
        </test-method> <!-- configBM -->
        <test-method signature="CreateDocumentsTest()[pri:0, instance:com.comcast.documenttest.CreateDocumentWithFourTestCase@6c284af]" started-at="2025-04-10T15:55:04 IST" name="CreateDocumentsTest" finished-at="2025-04-10T15:55:15 IST" duration-ms="10417" status="PASS">
          <reporter-output>
          </reporter-output>
        </test-method> <!-- CreateDocumentsTest -->
        <test-method is-config="true" signature="configAM()[pri:0, instance:com.comcast.documenttest.CreateDocumentWithFourTestCase@6c284af]" started-at="2025-04-10T15:55:15 IST" name="configAM" finished-at="2025-04-10T15:55:16 IST" duration-ms="1217" status="PASS">
          <reporter-output>
          </reporter-output>
        </test-method> <!-- configAM -->
        <test-method is-config="true" signature="configBM()[pri:0, instance:com.comcast.documenttest.CreateDocumentWithFourTestCase@6c284af]" started-at="2025-04-10T15:55:16 IST" name="configBM" finished-at="2025-04-10T15:55:19 IST" duration-ms="2894" status="PASS">
          <reporter-output>
          </reporter-output>
        </test-method> <!-- configBM -->
        <test-method signature="DeleteCreatedDocumentsTest()[pri:0, instance:com.comcast.documenttest.CreateDocumentWithFourTestCase@6c284af]" started-at="2025-04-10T15:55:19 IST" name="DeleteCreatedDocumentsTest" finished-at="2025-04-10T15:55:33 IST" duration-ms="13707" status="PASS">
          <reporter-output>
          </reporter-output>
        </test-method> <!-- DeleteCreatedDocumentsTest -->
        <test-method is-config="true" signature="configAM()[pri:0, instance:com.comcast.documenttest.CreateDocumentWithFourTestCase@6c284af]" started-at="2025-04-10T15:55:33 IST" name="configAM" finished-at="2025-04-10T15:55:37 IST" duration-ms="4669" status="PASS">
          <reporter-output>
          </reporter-output>
        </test-method> <!-- configAM -->
        <test-method is-config="true" signature="configBM()[pri:0, instance:com.comcast.documenttest.CreateDocumentWithFourTestCase@6c284af]" started-at="2025-04-10T15:55:37 IST" name="configBM" finished-at="2025-04-10T15:55:40 IST" duration-ms="2454" status="PASS">
          <reporter-output>
          </reporter-output>
        </test-method> <!-- configBM -->
        <test-method signature="DocumentAddIconTest()[pri:0, instance:com.comcast.documenttest.CreateDocumentWithFourTestCase@6c284af]" started-at="2025-04-10T15:55:40 IST" name="DocumentAddIconTest" finished-at="2025-04-10T15:55:42 IST" duration-ms="2777" status="PASS">
          <reporter-output>
          </reporter-output>
        </test-method> <!-- DocumentAddIconTest -->
        <test-method is-config="true" signature="configAM()[pri:0, instance:com.comcast.documenttest.CreateDocumentWithFourTestCase@6c284af]" started-at="2025-04-10T15:55:42 IST" name="configAM" finished-at="2025-04-10T15:55:44 IST" duration-ms="1274" status="PASS">
          <reporter-output>
          </reporter-output>
        </test-method> <!-- configAM -->
        <test-method is-config="true" signature="configAC()[pri:0, instance:com.comcast.documenttest.CreateDocumentWithFourTestCase@6c284af]" started-at="2025-04-10T15:55:44 IST" name="configAC" finished-at="2025-04-10T15:55:44 IST" duration-ms="612" status="PASS">
          <reporter-output>
          </reporter-output>
        </test-method> <!-- configAC -->
      </class> <!-- com.comcast.documenttest.CreateDocumentWithFourTestCase -->
      <class name="com.comcast.opportunittest.CreateOpportunityWithThreeTestcase">
        <test-method is-config="true" signature="configBC(java.lang.String)[pri:0, instance:com.comcast.opportunittest.CreateOpportunityWithThreeTestcase@7e057f43]" started-at="2025-04-10T15:53:46 IST" name="configBC" finished-at="2025-04-10T15:53:48 IST" duration-ms="1906" status="PASS">
          <params>
            <param index="0">
              <value>
                <![CDATA[chrome]]>
              </value>
            </param>
          </params>
          <reporter-output>
          </reporter-output>
        </test-method> <!-- configBC -->
        <test-method is-config="true" signature="configBM()[pri:0, instance:com.comcast.opportunittest.CreateOpportunityWithThreeTestcase@7e057f43]" started-at="2025-04-10T15:53:48 IST" name="configBM" finished-at="2025-04-10T15:53:56 IST" duration-ms="8518" status="PASS">
          <reporter-output>
          </reporter-output>
        </test-method> <!-- configBM -->
        <test-method signature="DeleteCreatedopportunityTest()[pri:0, instance:com.comcast.opportunittest.CreateOpportunityWithThreeTestcase@7e057f43]" started-at="2025-04-10T15:53:56 IST" name="DeleteCreatedopportunityTest" finished-at="2025-04-10T15:54:20 IST" duration-ms="23884" status="PASS">
          <reporter-output>
          </reporter-output>
        </test-method> <!-- DeleteCreatedopportunityTest -->
        <test-method is-config="true" signature="configAM()[pri:0, instance:com.comcast.opportunittest.CreateOpportunityWithThreeTestcase@7e057f43]" started-at="2025-04-10T15:54:20 IST" name="configAM" finished-at="2025-04-10T15:54:22 IST" duration-ms="1833" status="PASS">
          <reporter-output>
          </reporter-output>
        </test-method> <!-- configAM -->
        <test-method is-config="true" signature="configBM()[pri:0, instance:com.comcast.opportunittest.CreateOpportunityWithThreeTestcase@7e057f43]" started-at="2025-04-10T15:54:22 IST" name="configBM" finished-at="2025-04-10T15:54:23 IST" duration-ms="588" status="PASS">
          <reporter-output>
          </reporter-output>
        </test-method> <!-- configBM -->
        <test-method signature="editCreatedOpportunityTest()[pri:0, instance:com.comcast.opportunittest.CreateOpportunityWithThreeTestcase@7e057f43]" started-at="2025-04-10T15:54:23 IST" name="editCreatedOpportunityTest" finished-at="2025-04-10T15:54:37 IST" duration-ms="13858" status="PASS">
          <reporter-output>
          </reporter-output>
        </test-method> <!-- editCreatedOpportunityTest -->
        <test-method is-config="true" signature="configAM()[pri:0, instance:com.comcast.opportunittest.CreateOpportunityWithThreeTestcase@7e057f43]" started-at="2025-04-10T15:54:37 IST" name="configAM" finished-at="2025-04-10T15:54:38 IST" duration-ms="1204" status="PASS">
          <reporter-output>
          </reporter-output>
        </test-method> <!-- configAM -->
        <test-method is-config="true" signature="configBM()[pri:0, instance:com.comcast.opportunittest.CreateOpportunityWithThreeTestcase@7e057f43]" started-at="2025-04-10T15:54:38 IST" name="configBM" finished-at="2025-04-10T15:54:39 IST" duration-ms="983" status="PASS">
          <reporter-output>
          </reporter-output>
        </test-method> <!-- configBM -->
        <test-method signature="opportunityTest()[pri:0, instance:com.comcast.opportunittest.CreateOpportunityWithThreeTestcase@7e057f43]" started-at="2025-04-10T15:54:39 IST" name="opportunityTest" finished-at="2025-04-10T15:54:50 IST" duration-ms="11051" status="PASS">
          <reporter-output>
          </reporter-output>
        </test-method> <!-- opportunityTest -->
        <test-method is-config="true" signature="configAM()[pri:0, instance:com.comcast.opportunittest.CreateOpportunityWithThreeTestcase@7e057f43]" started-at="2025-04-10T15:54:50 IST" name="configAM" finished-at="2025-04-10T15:54:51 IST" duration-ms="943" status="PASS">
          <reporter-output>
          </reporter-output>
        </test-method> <!-- configAM -->
        <test-method is-config="true" signature="configAC()[pri:0, instance:com.comcast.opportunittest.CreateOpportunityWithThreeTestcase@7e057f43]" started-at="2025-04-10T15:54:51 IST" name="configAC" finished-at="2025-04-10T15:54:51 IST" duration-ms="564" status="PASS">
          <reporter-output>
          </reporter-output>
        </test-method> <!-- configAC -->
      </class> <!-- com.comcast.opportunittest.CreateOpportunityWithThreeTestcase -->
      <class name="com.comcast.producttest.CreateProductTest">
        <test-method is-config="true" signature="configBS()[pri:0, instance:com.comcast.producttest.CreateProductTest@6e9a5ed8]" started-at="2025-04-10T15:53:11 IST" name="configBS" finished-at="2025-04-10T15:53:12 IST" duration-ms="1370" status="PASS">
          <reporter-output>
          </reporter-output>
        </test-method> <!-- configBS -->
        <test-method is-config="true" signature="configBC(java.lang.String)[pri:0, instance:com.comcast.producttest.CreateProductTest@6e9a5ed8]" started-at="2025-04-10T15:53:12 IST" name="configBC" finished-at="2025-04-10T15:53:15 IST" duration-ms="3271" status="PASS">
          <params>
            <param index="0">
              <value>
                <![CDATA[chrome]]>
              </value>
            </param>
          </params>
          <reporter-output>
          </reporter-output>
        </test-method> <!-- configBC -->
        <test-method is-config="true" signature="configBM()[pri:0, instance:com.comcast.producttest.CreateProductTest@6e9a5ed8]" started-at="2025-04-10T15:53:15 IST" name="configBM" finished-at="2025-04-10T15:53:25 IST" duration-ms="9319" status="PASS">
          <reporter-output>
          </reporter-output>
        </test-method> <!-- configBM -->
        <test-method signature="CreateProductsTest()[pri:0, instance:com.comcast.producttest.CreateProductTest@6e9a5ed8]" started-at="2025-04-10T15:53:25 IST" name="CreateProductsTest" finished-at="2025-04-10T15:53:43 IST" duration-ms="18190" status="PASS">
          <reporter-output>
          </reporter-output>
        </test-method> <!-- CreateProductsTest -->
        <test-method is-config="true" signature="configAM()[pri:0, instance:com.comcast.producttest.CreateProductTest@6e9a5ed8]" started-at="2025-04-10T15:53:43 IST" name="configAM" finished-at="2025-04-10T15:53:45 IST" duration-ms="2465" status="PASS">
          <reporter-output>
          </reporter-output>
        </test-method> <!-- configAM -->
        <test-method is-config="true" signature="configAC()[pri:0, instance:com.comcast.producttest.CreateProductTest@6e9a5ed8]" started-at="2025-04-10T15:53:45 IST" name="configAC" finished-at="2025-04-10T15:53:46 IST" duration-ms="519" status="PASS">
          <reporter-output>
          </reporter-output>
        </test-method> <!-- configAC -->
        <test-method is-config="true" signature="congigAS()[pri:0, instance:com.comcast.producttest.CreateProductTest@6e9a5ed8]" started-at="2025-04-10T15:55:48 IST" name="congigAS" finished-at="2025-04-10T15:55:48 IST" duration-ms="8" status="PASS">
          <reporter-output>
          </reporter-output>
        </test-method> <!-- congigAS -->
      </class> <!-- com.comcast.producttest.CreateProductTest -->
    </test> <!-- TestRunner-Chrome -->
    <test started-at="2025-04-10T15:53:12 IST" name="TestRunner-Edge" finished-at="2025-04-10T15:55:48 IST" duration-ms="155954">
      <class name="com.comcast.documenttest.CreateDocumentWithFourTestCase">
        <test-method is-config="true" signature="configBC(java.lang.String)[pri:0, instance:com.comcast.documenttest.CreateDocumentWithFourTestCase@74e28667]" started-at="2025-04-10T15:54:53 IST" name="configBC" finished-at="2025-04-10T15:54:55 IST" duration-ms="2201" status="PASS">
          <params>
            <param index="0">
              <value>
                <![CDATA[edge]]>
              </value>
            </param>
          </params>
          <reporter-output>
          </reporter-output>
        </test-method> <!-- configBC -->
        <test-method is-config="true" signature="configBM()[pri:0, instance:com.comcast.documenttest.CreateDocumentWithFourTestCase@74e28667]" started-at="2025-04-10T15:54:55 IST" name="configBM" finished-at="2025-04-10T15:55:00 IST" duration-ms="5699" status="PASS">
          <reporter-output>
          </reporter-output>
        </test-method> <!-- configBM -->
        <test-method signature="CheckDocumentLinkTest()[pri:0, instance:com.comcast.documenttest.CreateDocumentWithFourTestCase@74e28667]" started-at="2025-04-10T15:55:00 IST" name="CheckDocumentLinkTest" finished-at="2025-04-10T15:55:03 IST" duration-ms="2255" status="PASS">
          <reporter-output>
          </reporter-output>
        </test-method> <!-- CheckDocumentLinkTest -->
        <test-method is-config="true" signature="configAM()[pri:0, instance:com.comcast.documenttest.CreateDocumentWithFourTestCase@74e28667]" started-at="2025-04-10T15:55:03 IST" name="configAM" finished-at="2025-04-10T15:55:04 IST" duration-ms="1025" status="PASS">
          <reporter-output>
          </reporter-output>
        </test-method> <!-- configAM -->
        <test-method is-config="true" signature="configBM()[pri:0, instance:com.comcast.documenttest.CreateDocumentWithFourTestCase@74e28667]" started-at="2025-04-10T15:55:04 IST" name="configBM" finished-at="2025-04-10T15:55:06 IST" duration-ms="1739" status="PASS">
          <reporter-output>
          </reporter-output>
        </test-method> <!-- configBM -->
        <test-method signature="CreateDocumentsTest()[pri:0, instance:com.comcast.documenttest.CreateDocumentWithFourTestCase@74e28667]" started-at="2025-04-10T15:55:06 IST" name="CreateDocumentsTest" finished-at="2025-04-10T15:55:16 IST" duration-ms="10394" status="PASS">
          <reporter-output>
          </reporter-output>
        </test-method> <!-- CreateDocumentsTest -->
        <test-method is-config="true" signature="configAM()[pri:0, instance:com.comcast.documenttest.CreateDocumentWithFourTestCase@74e28667]" started-at="2025-04-10T15:55:16 IST" name="configAM" finished-at="2025-04-10T15:55:17 IST" duration-ms="1413" status="PASS">
          <reporter-output>
          </reporter-output>
        </test-method> <!-- configAM -->
        <test-method is-config="true" signature="configBM()[pri:0, instance:com.comcast.documenttest.CreateDocumentWithFourTestCase@74e28667]" started-at="2025-04-10T15:55:17 IST" name="configBM" finished-at="2025-04-10T15:55:20 IST" duration-ms="2593" status="PASS">
          <reporter-output>
          </reporter-output>
        </test-method> <!-- configBM -->
        <test-method signature="DeleteCreatedDocumentsTest()[pri:0, instance:com.comcast.documenttest.CreateDocumentWithFourTestCase@74e28667]" started-at="2025-04-10T15:55:20 IST" name="DeleteCreatedDocumentsTest" finished-at="2025-04-10T15:55:39 IST" duration-ms="19507" status="PASS">
          <reporter-output>
          </reporter-output>
        </test-method> <!-- DeleteCreatedDocumentsTest -->
        <test-method is-config="true" signature="configAM()[pri:0, instance:com.comcast.documenttest.CreateDocumentWithFourTestCase@74e28667]" started-at="2025-04-10T15:55:39 IST" name="configAM" finished-at="2025-04-10T15:55:40 IST" duration-ms="1054" status="PASS">
          <reporter-output>
          </reporter-output>
        </test-method> <!-- configAM -->
        <test-method is-config="true" signature="configBM()[pri:0, instance:com.comcast.documenttest.CreateDocumentWithFourTestCase@74e28667]" started-at="2025-04-10T15:55:40 IST" name="configBM" finished-at="2025-04-10T15:55:42 IST" duration-ms="1987" status="PASS">
          <reporter-output>
          </reporter-output>
        </test-method> <!-- configBM -->
        <test-method signature="DocumentAddIconTest()[pri:0, instance:com.comcast.documenttest.CreateDocumentWithFourTestCase@74e28667]" started-at="2025-04-10T15:55:42 IST" name="DocumentAddIconTest" finished-at="2025-04-10T15:55:45 IST" duration-ms="2971" status="PASS">
          <reporter-output>
          </reporter-output>
        </test-method> <!-- DocumentAddIconTest -->
        <test-method is-config="true" signature="configAM()[pri:0, instance:com.comcast.documenttest.CreateDocumentWithFourTestCase@74e28667]" started-at="2025-04-10T15:55:45 IST" name="configAM" finished-at="2025-04-10T15:55:46 IST" duration-ms="984" status="PASS">
          <reporter-output>
          </reporter-output>
        </test-method> <!-- configAM -->
        <test-method is-config="true" signature="configAC()[pri:0, instance:com.comcast.documenttest.CreateDocumentWithFourTestCase@74e28667]" started-at="2025-04-10T15:55:46 IST" name="configAC" finished-at="2025-04-10T15:55:48 IST" duration-ms="1662" status="PASS">
          <reporter-output>
          </reporter-output>
        </test-method> <!-- configAC -->
      </class> <!-- com.comcast.documenttest.CreateDocumentWithFourTestCase -->
      <class name="com.comcast.opportunittest.CreateOpportunityWithThreeTestcase">
        <test-method is-config="true" signature="configBC(java.lang.String)[pri:0, instance:com.comcast.opportunittest.CreateOpportunityWithThreeTestcase@7161d8d1]" started-at="2025-04-10T15:53:45 IST" name="configBC" finished-at="2025-04-10T15:53:48 IST" duration-ms="2386" status="PASS">
          <params>
            <param index="0">
              <value>
                <![CDATA[edge]]>
              </value>
            </param>
          </params>
          <reporter-output>
          </reporter-output>
        </test-method> <!-- configBC -->
        <test-method is-config="true" signature="configBM()[pri:0, instance:com.comcast.opportunittest.CreateOpportunityWithThreeTestcase@7161d8d1]" started-at="2025-04-10T15:53:48 IST" name="configBM" finished-at="2025-04-10T15:53:56 IST" duration-ms="8641" status="PASS">
          <reporter-output>
          </reporter-output>
        </test-method> <!-- configBM -->
        <test-method signature="DeleteCreatedopportunityTest()[pri:0, instance:com.comcast.opportunittest.CreateOpportunityWithThreeTestcase@7161d8d1]" started-at="2025-04-10T15:53:56 IST" name="DeleteCreatedopportunityTest" finished-at="2025-04-10T15:54:18 IST" duration-ms="21776" status="PASS">
          <reporter-output>
          </reporter-output>
        </test-method> <!-- DeleteCreatedopportunityTest -->
        <test-method is-config="true" signature="configAM()[pri:0, instance:com.comcast.opportunittest.CreateOpportunityWithThreeTestcase@7161d8d1]" started-at="2025-04-10T15:54:18 IST" name="configAM" finished-at="2025-04-10T15:54:21 IST" duration-ms="3126" status="PASS">
          <reporter-output>
          </reporter-output>
        </test-method> <!-- configAM -->
        <test-method is-config="true" signature="configBM()[pri:0, instance:com.comcast.opportunittest.CreateOpportunityWithThreeTestcase@7161d8d1]" started-at="2025-04-10T15:54:21 IST" name="configBM" finished-at="2025-04-10T15:54:23 IST" duration-ms="2120" status="PASS">
          <reporter-output>
          </reporter-output>
        </test-method> <!-- configBM -->
        <test-method signature="editCreatedOpportunityTest()[pri:0, instance:com.comcast.opportunittest.CreateOpportunityWithThreeTestcase@7161d8d1]" started-at="2025-04-10T15:54:23 IST" name="editCreatedOpportunityTest" finished-at="2025-04-10T15:54:36 IST" duration-ms="12527" status="PASS">
          <reporter-output>
          </reporter-output>
        </test-method> <!-- editCreatedOpportunityTest -->
        <test-method is-config="true" signature="configAM()[pri:0, instance:com.comcast.opportunittest.CreateOpportunityWithThreeTestcase@7161d8d1]" started-at="2025-04-10T15:54:36 IST" name="configAM" finished-at="2025-04-10T15:54:37 IST" duration-ms="1513" status="PASS">
          <reporter-output>
          </reporter-output>
        </test-method> <!-- configAM -->
        <test-method is-config="true" signature="configBM()[pri:0, instance:com.comcast.opportunittest.CreateOpportunityWithThreeTestcase@7161d8d1]" started-at="2025-04-10T15:54:37 IST" name="configBM" finished-at="2025-04-10T15:54:40 IST" duration-ms="2508" status="PASS">
          <reporter-output>
          </reporter-output>
        </test-method> <!-- configBM -->
        <test-method signature="opportunityTest()[pri:0, instance:com.comcast.opportunittest.CreateOpportunityWithThreeTestcase@7161d8d1]" started-at="2025-04-10T15:54:40 IST" name="opportunityTest" finished-at="2025-04-10T15:54:50 IST" duration-ms="9883" status="PASS">
          <reporter-output>
          </reporter-output>
        </test-method> <!-- opportunityTest -->
        <test-method is-config="true" signature="configAM()[pri:0, instance:com.comcast.opportunittest.CreateOpportunityWithThreeTestcase@7161d8d1]" started-at="2025-04-10T15:54:50 IST" name="configAM" finished-at="2025-04-10T15:54:51 IST" duration-ms="995" status="PASS">
          <reporter-output>
          </reporter-output>
        </test-method> <!-- configAM -->
        <test-method is-config="true" signature="configAC()[pri:0, instance:com.comcast.opportunittest.CreateOpportunityWithThreeTestcase@7161d8d1]" started-at="2025-04-10T15:54:51 IST" name="configAC" finished-at="2025-04-10T15:54:53 IST" duration-ms="1760" status="PASS">
          <reporter-output>
          </reporter-output>
        </test-method> <!-- configAC -->
      </class> <!-- com.comcast.opportunittest.CreateOpportunityWithThreeTestcase -->
      <class name="com.comcast.producttest.CreateProductTest">
        <test-method is-config="true" signature="configBC(java.lang.String)[pri:0, instance:com.comcast.producttest.CreateProductTest@7ef82753]" started-at="2025-04-10T15:53:12 IST" name="configBC" finished-at="2025-04-10T15:53:16 IST" duration-ms="3387" status="PASS">
          <params>
            <param index="0">
              <value>
                <![CDATA[edge]]>
              </value>
            </param>
          </params>
          <reporter-output>
          </reporter-output>
        </test-method> <!-- configBC -->
        <test-method is-config="true" signature="configBM()[pri:0, instance:com.comcast.producttest.CreateProductTest@7ef82753]" started-at="2025-04-10T15:53:16 IST" name="configBM" finished-at="2025-04-10T15:53:25 IST" duration-ms="9072" status="PASS">
          <reporter-output>
          </reporter-output>
        </test-method> <!-- configBM -->
        <test-method signature="CreateProductsTest()[pri:0, instance:com.comcast.producttest.CreateProductTest@7ef82753]" started-at="2025-04-10T15:53:25 IST" name="CreateProductsTest" finished-at="2025-04-10T15:53:41 IST" duration-ms="16637" status="PASS">
          <reporter-output>
          </reporter-output>
        </test-method> <!-- CreateProductsTest -->
        <test-method is-config="true" signature="configAM()[pri:0, instance:com.comcast.producttest.CreateProductTest@7ef82753]" started-at="2025-04-10T15:53:41 IST" name="configAM" finished-at="2025-04-10T15:53:44 IST" duration-ms="2396" status="PASS">
          <reporter-output>
          </reporter-output>
        </test-method> <!-- configAM -->
        <test-method is-config="true" signature="configAC()[pri:0, instance:com.comcast.producttest.CreateProductTest@7ef82753]" started-at="2025-04-10T15:53:44 IST" name="configAC" finished-at="2025-04-10T15:53:45 IST" duration-ms="1623" status="PASS">
          <reporter-output>
          </reporter-output>
        </test-method> <!-- configAC -->
      </class> <!-- com.comcast.producttest.CreateProductTest -->
    </test> <!-- TestRunner-Edge -->
  </suite> <!-- Suite -->
</testng-results>
