<?xml version="1.0" encoding="UTF-8"?>
<testng-results ignored="0" total="8" passed="8" failed="0" skipped="0">
  <reporter-output>
  </reporter-output>
  <suite started-at="2025-04-12T10:13:18 IST" name="Suite" finished-at="2025-04-12T10:14:03 IST" duration-ms="45082">
    <groups>
      <group name="SmokeTest">
        <method signature="CreateOpportunityWithThreeTestcase.opportunityTest()[pri:0, instance:com.comcast.opportunittest.CreateOpportunityWithThreeTestcase@5524cca1]" name="opportunityTest" class="com.comcast.opportunittest.CreateOpportunityWithThreeTestcase"/>
        <method signature="CreateDocumentWithFourTestCase.CheckDocumentLinkTest()[pri:0, instance:com.comcast.documenttest.CreateDocumentWithFourTestCase@1750fbeb]" name="CheckDocumentLinkTest" class="com.comcast.documenttest.CreateDocumentWithFourTestCase"/>
        <method signature="CreateDocumentWithFourTestCase.CreateDocumentsTest()[pri:0, instance:com.comcast.documenttest.CreateDocumentWithFourTestCase@1750fbeb]" name="CreateDocumentsTest" class="com.comcast.documenttest.CreateDocumentWithFourTestCase"/>
        <method signature="CreateDocumentWithFourTestCase.DocumentAddIconTest()[pri:0, instance:com.comcast.documenttest.CreateDocumentWithFourTestCase@1750fbeb]" name="DocumentAddIconTest" class="com.comcast.documenttest.CreateDocumentWithFourTestCase"/>
      </group> <!-- SmokeTest -->
      <group name="RegressionTest">
        <method signature="CreateProductTest.CreateProductsTest()[pri:0, instance:com.comcast.producttest.CreateProductTest@74ea2410]" name="CreateProductsTest" class="com.comcast.producttest.CreateProductTest"/>
        <method signature="CreateOpportunityWithThreeTestcase.DeleteCreatedopportunityTest()[pri:0, instance:com.comcast.opportunittest.CreateOpportunityWithThreeTestcase@5524cca1]" name="DeleteCreatedopportunityTest" class="com.comcast.opportunittest.CreateOpportunityWithThreeTestcase"/>
        <method signature="CreateOpportunityWithThreeTestcase.editCreatedOpportunityTest()[pri:0, instance:com.comcast.opportunittest.CreateOpportunityWithThreeTestcase@5524cca1]" name="editCreatedOpportunityTest" class="com.comcast.opportunittest.CreateOpportunityWithThreeTestcase"/>
        <method signature="CreateDocumentWithFourTestCase.DeleteCreatedDocumentsTest()[pri:0, instance:com.comcast.documenttest.CreateDocumentWithFourTestCase@1750fbeb]" name="DeleteCreatedDocumentsTest" class="com.comcast.documenttest.CreateDocumentWithFourTestCase"/>
      </group> <!-- RegressionTest -->
    </groups>
    <test started-at="2025-04-12T10:13:18 IST" name="Test-1" finished-at="2025-04-12T10:13:37 IST" duration-ms="19863">
      <class name="com.comcast.producttest.CreateProductTest">
        <test-method is-config="true" signature="configBC(java.lang.String)[pri:0, instance:com.comcast.producttest.CreateProductTest@74ea2410]" started-at="2025-04-12T10:13:18 IST" name="configBC" finished-at="2025-04-12T10:13:21 IST" duration-ms="3306" status="PASS">
          <params>
            <param index="0">
              <value>
                <![CDATA[chrome]]>
              </value>
            </param>
          </params>
          <reporter-output>
          </reporter-output>
        </test-method> <!-- configBC -->
        <test-method is-config="true" signature="configBM()[pri:0, instance:com.comcast.producttest.CreateProductTest@74ea2410]" started-at="2025-04-12T10:13:21 IST" name="configBM" finished-at="2025-04-12T10:13:27 IST" duration-ms="6095" status="PASS">
          <reporter-output>
          </reporter-output>
        </test-method> <!-- configBM -->
        <test-method signature="CreateProductsTest()[pri:0, instance:com.comcast.producttest.CreateProductTest@74ea2410]" started-at="2025-04-12T10:13:27 IST" name="CreateProductsTest" finished-at="2025-04-12T10:13:35 IST" duration-ms="8117" status="PASS">
          <reporter-output>
          </reporter-output>
        </test-method> <!-- CreateProductsTest -->
        <test-method is-config="true" signature="configAM()[pri:0, instance:com.comcast.producttest.CreateProductTest@74ea2410]" started-at="2025-04-12T10:13:35 IST" name="configAM" finished-at="2025-04-12T10:13:37 IST" duration-ms="1767" status="PASS">
          <reporter-output>
          </reporter-output>
        </test-method> <!-- configAM -->
        <test-method is-config="true" signature="configAC()[pri:0, instance:com.comcast.producttest.CreateProductTest@74ea2410]" started-at="2025-04-12T10:13:37 IST" name="configAC" finished-at="2025-04-12T10:13:37 IST" duration-ms="490" status="PASS">
          <reporter-output>
          </reporter-output>
        </test-method> <!-- configAC -->
      </class> <!-- com.comcast.producttest.CreateProductTest -->
    </test> <!-- Test-1 -->
    <test started-at="2025-04-12T10:13:18 IST" name="Test-3" finished-at="2025-04-12T10:13:58 IST" duration-ms="40808">
      <class name="com.comcast.documenttest.CreateDocumentWithFourTestCase">
        <test-method is-config="true" signature="configBS()[pri:0, instance:com.comcast.documenttest.CreateDocumentWithFourTestCase@1750fbeb]" started-at="2025-04-12T10:13:17 IST" name="configBS" finished-at="2025-04-12T10:13:18 IST" duration-ms="696" status="PASS">
          <reporter-output>
          </reporter-output>
        </test-method> <!-- configBS -->
        <test-method is-config="true" signature="configBC(java.lang.String)[pri:0, instance:com.comcast.documenttest.CreateDocumentWithFourTestCase@1750fbeb]" started-at="2025-04-12T10:13:18 IST" name="configBC" finished-at="2025-04-12T10:13:21 IST" duration-ms="3332" status="PASS">
          <params>
            <param index="0">
              <value>
                <![CDATA[chrome]]>
              </value>
            </param>
          </params>
          <reporter-output>
          </reporter-output>
        </test-method> <!-- configBC -->
        <test-method is-config="true" signature="configBM()[pri:0, instance:com.comcast.documenttest.CreateDocumentWithFourTestCase@1750fbeb]" started-at="2025-04-12T10:13:21 IST" name="configBM" finished-at="2025-04-12T10:13:27 IST" duration-ms="5865" status="PASS">
          <reporter-output>
          </reporter-output>
        </test-method> <!-- configBM -->
        <test-method signature="CheckDocumentLinkTest()[pri:0, instance:com.comcast.documenttest.CreateDocumentWithFourTestCase@1750fbeb]" started-at="2025-04-12T10:13:27 IST" name="CheckDocumentLinkTest" finished-at="2025-04-12T10:13:28 IST" duration-ms="1697" status="PASS">
          <reporter-output>
          </reporter-output>
        </test-method> <!-- CheckDocumentLinkTest -->
        <test-method is-config="true" signature="configAM()[pri:0, instance:com.comcast.documenttest.CreateDocumentWithFourTestCase@1750fbeb]" started-at="2025-04-12T10:13:28 IST" name="configAM" finished-at="2025-04-12T10:13:29 IST" duration-ms="941" status="PASS">
          <reporter-output>
          </reporter-output>
        </test-method> <!-- configAM -->
        <test-method is-config="true" signature="configBM()[pri:0, instance:com.comcast.documenttest.CreateDocumentWithFourTestCase@1750fbeb]" started-at="2025-04-12T10:13:29 IST" name="configBM" finished-at="2025-04-12T10:13:31 IST" duration-ms="1561" status="PASS">
          <reporter-output>
          </reporter-output>
        </test-method> <!-- configBM -->
        <test-method signature="CreateDocumentsTest()[pri:0, instance:com.comcast.documenttest.CreateDocumentWithFourTestCase@1750fbeb]" started-at="2025-04-12T10:13:31 IST" name="CreateDocumentsTest" finished-at="2025-04-12T10:13:39 IST" duration-ms="8375" status="PASS">
          <reporter-output>
          </reporter-output>
        </test-method> <!-- CreateDocumentsTest -->
        <test-method is-config="true" signature="configAM()[pri:0, instance:com.comcast.documenttest.CreateDocumentWithFourTestCase@1750fbeb]" started-at="2025-04-12T10:13:39 IST" name="configAM" finished-at="2025-04-12T10:13:40 IST" duration-ms="832" status="PASS">
          <reporter-output>
          </reporter-output>
        </test-method> <!-- configAM -->
        <test-method is-config="true" signature="configBM()[pri:0, instance:com.comcast.documenttest.CreateDocumentWithFourTestCase@1750fbeb]" started-at="2025-04-12T10:13:40 IST" name="configBM" finished-at="2025-04-12T10:13:42 IST" duration-ms="1825" status="PASS">
          <reporter-output>
          </reporter-output>
        </test-method> <!-- configBM -->
        <test-method signature="DeleteCreatedDocumentsTest()[pri:0, instance:com.comcast.documenttest.CreateDocumentWithFourTestCase@1750fbeb]" started-at="2025-04-12T10:13:42 IST" name="DeleteCreatedDocumentsTest" finished-at="2025-04-12T10:13:52 IST" duration-ms="9773" status="PASS">
          <reporter-output>
          </reporter-output>
        </test-method> <!-- DeleteCreatedDocumentsTest -->
        <test-method is-config="true" signature="configAM()[pri:0, instance:com.comcast.documenttest.CreateDocumentWithFourTestCase@1750fbeb]" started-at="2025-04-12T10:13:52 IST" name="configAM" finished-at="2025-04-12T10:13:53 IST" duration-ms="795" status="PASS">
          <reporter-output>
          </reporter-output>
        </test-method> <!-- configAM -->
        <test-method is-config="true" signature="configBM()[pri:0, instance:com.comcast.documenttest.CreateDocumentWithFourTestCase@1750fbeb]" started-at="2025-04-12T10:13:53 IST" name="configBM" finished-at="2025-04-12T10:13:54 IST" duration-ms="1462" status="PASS">
          <reporter-output>
          </reporter-output>
        </test-method> <!-- configBM -->
        <test-method signature="DocumentAddIconTest()[pri:0, instance:com.comcast.documenttest.CreateDocumentWithFourTestCase@1750fbeb]" started-at="2025-04-12T10:13:54 IST" name="DocumentAddIconTest" finished-at="2025-04-12T10:13:57 IST" duration-ms="2952" status="PASS">
          <reporter-output>
          </reporter-output>
        </test-method> <!-- DocumentAddIconTest -->
        <test-method is-config="true" signature="configAM()[pri:0, instance:com.comcast.documenttest.CreateDocumentWithFourTestCase@1750fbeb]" started-at="2025-04-12T10:13:57 IST" name="configAM" finished-at="2025-04-12T10:13:58 IST" duration-ms="849" status="PASS">
          <reporter-output>
          </reporter-output>
        </test-method> <!-- configAM -->
        <test-method is-config="true" signature="configAC()[pri:0, instance:com.comcast.documenttest.CreateDocumentWithFourTestCase@1750fbeb]" started-at="2025-04-12T10:13:58 IST" name="configAC" finished-at="2025-04-12T10:13:58 IST" duration-ms="473" status="PASS">
          <reporter-output>
          </reporter-output>
        </test-method> <!-- configAC -->
        <test-method is-config="true" signature="congigAS()[pri:0, instance:com.comcast.documenttest.CreateDocumentWithFourTestCase@1750fbeb]" started-at="2025-04-12T10:14:03 IST" name="congigAS" finished-at="2025-04-12T10:14:03 IST" duration-ms="3" status="PASS">
          <reporter-output>
          </reporter-output>
        </test-method> <!-- congigAS -->
      </class> <!-- com.comcast.documenttest.CreateDocumentWithFourTestCase -->
    </test> <!-- Test-3 -->
    <test started-at="2025-04-12T10:13:18 IST" name="Test-2" finished-at="2025-04-12T10:14:03 IST" duration-ms="45082">
      <class name="com.comcast.opportunittest.CreateOpportunityWithThreeTestcase">
        <test-method is-config="true" signature="configBC(java.lang.String)[pri:0, instance:com.comcast.opportunittest.CreateOpportunityWithThreeTestcase@5524cca1]" started-at="2025-04-12T10:13:18 IST" name="configBC" finished-at="2025-04-12T10:13:21 IST" duration-ms="3306" status="PASS">
          <params>
            <param index="0">
              <value>
                <![CDATA[chrome]]>
              </value>
            </param>
          </params>
          <reporter-output>
          </reporter-output>
        </test-method> <!-- configBC -->
        <test-method is-config="true" signature="configBM()[pri:0, instance:com.comcast.opportunittest.CreateOpportunityWithThreeTestcase@5524cca1]" started-at="2025-04-12T10:13:21 IST" name="configBM" finished-at="2025-04-12T10:13:27 IST" duration-ms="5984" status="PASS">
          <reporter-output>
          </reporter-output>
        </test-method> <!-- configBM -->
        <test-method signature="DeleteCreatedopportunityTest()[pri:0, instance:com.comcast.opportunittest.CreateOpportunityWithThreeTestcase@5524cca1]" started-at="2025-04-12T10:13:27 IST" name="DeleteCreatedopportunityTest" finished-at="2025-04-12T10:13:37 IST" duration-ms="9621" status="PASS">
          <reporter-output>
          </reporter-output>
        </test-method> <!-- DeleteCreatedopportunityTest -->
        <test-method is-config="true" signature="configAM()[pri:0, instance:com.comcast.opportunittest.CreateOpportunityWithThreeTestcase@5524cca1]" started-at="2025-04-12T10:13:37 IST" name="configAM" finished-at="2025-04-12T10:13:38 IST" duration-ms="1606" status="PASS">
          <reporter-output>
          </reporter-output>
        </test-method> <!-- configAM -->
        <test-method is-config="true" signature="configBM()[pri:0, instance:com.comcast.opportunittest.CreateOpportunityWithThreeTestcase@5524cca1]" started-at="2025-04-12T10:13:38 IST" name="configBM" finished-at="2025-04-12T10:13:40 IST" duration-ms="1663" status="PASS">
          <reporter-output>
          </reporter-output>
        </test-method> <!-- configBM -->
        <test-method signature="editCreatedOpportunityTest()[pri:0, instance:com.comcast.opportunittest.CreateOpportunityWithThreeTestcase@5524cca1]" started-at="2025-04-12T10:13:40 IST" name="editCreatedOpportunityTest" finished-at="2025-04-12T10:13:52 IST" duration-ms="12307" status="PASS">
          <reporter-output>
          </reporter-output>
        </test-method> <!-- editCreatedOpportunityTest -->
        <test-method is-config="true" signature="configAM()[pri:0, instance:com.comcast.opportunittest.CreateOpportunityWithThreeTestcase@5524cca1]" started-at="2025-04-12T10:13:52 IST" name="configAM" finished-at="2025-04-12T10:13:53 IST" duration-ms="872" status="PASS">
          <reporter-output>
          </reporter-output>
        </test-method> <!-- configAM -->
        <test-method is-config="true" signature="configBM()[pri:0, instance:com.comcast.opportunittest.CreateOpportunityWithThreeTestcase@5524cca1]" started-at="2025-04-12T10:13:53 IST" name="configBM" finished-at="2025-04-12T10:13:55 IST" duration-ms="1579" status="PASS">
          <reporter-output>
          </reporter-output>
        </test-method> <!-- configBM -->
        <test-method signature="opportunityTest()[pri:0, instance:com.comcast.opportunittest.CreateOpportunityWithThreeTestcase@5524cca1]" started-at="2025-04-12T10:13:55 IST" name="opportunityTest" finished-at="2025-04-12T10:14:01 IST" duration-ms="6794" status="PASS">
          <reporter-output>
          </reporter-output>
        </test-method> <!-- opportunityTest -->
        <test-method is-config="true" signature="configAM()[pri:0, instance:com.comcast.opportunittest.CreateOpportunityWithThreeTestcase@5524cca1]" started-at="2025-04-12T10:14:01 IST" name="configAM" finished-at="2025-04-12T10:14:02 IST" duration-ms="798" status="PASS">
          <reporter-output>
          </reporter-output>
        </test-method> <!-- configAM -->
        <test-method is-config="true" signature="configAC()[pri:0, instance:com.comcast.opportunittest.CreateOpportunityWithThreeTestcase@5524cca1]" started-at="2025-04-12T10:14:02 IST" name="configAC" finished-at="2025-04-12T10:14:03 IST" duration-ms="465" status="PASS">
          <reporter-output>
          </reporter-output>
        </test-method> <!-- configAC -->
      </class> <!-- com.comcast.opportunittest.CreateOpportunityWithThreeTestcase -->
    </test> <!-- Test-2 -->
  </suite> <!-- Suite -->
</testng-results>
