<?xml version="1.0" encoding="UTF-8"?>
<!-- Generated by org.testng.reporters.JUnitXMLReporter -->
<testsuite ignored="8" hostname="KundanVikas" failures="0" tests="4" name="Test" time="94.434" errors="0" timestamp="2025-04-10T15:47:53 IST">
  <testcase classname="com.comcast.opportunittest.CreateOpportunityWithThreeTestcase" name="opportunityTest" time="16.14"/>
  <testcase classname="com.comcast.documenttest.CreateDocumentWithFourTestCase" name="CheckDocumentLinkTest" time="4.044"/>
  <testcase classname="com.comcast.documenttest.CreateDocumentWithFourTestCase" name="CreateDocumentsTest" time="22.591"/>
  <testcase classname="com.comcast.documenttest.CreateDocumentWithFourTestCase" name="DocumentAddIconTest" time="6.444"/>
  <testcase classname="com.comcast.crm.baseclass.BaseClass" name="@AfterSuite congigAS" time="0.0">
    <ignored/>
  </testcase> <!-- @AfterSuite congigAS -->
  <testcase classname="com.comcast.crm.baseclass.BaseClass" name="@BeforeSuite configBS" time="0.0">
    <ignored/>
  </testcase> <!-- @BeforeSuite configBS -->
  <testcase classname="com.comcast.producttest.CreateProductTest" name="CreateProductsTest" time="0.0">
    <ignored/>
  </testcase> <!-- CreateProductsTest -->
  <testcase classname="com.comcast.opportunittest.CreateOpportunityWithThreeTestcase" name="editCreatedOpportunityTest" time="0.0">
    <ignored/>
  </testcase> <!-- editCreatedOpportunityTest -->
  <testcase classname="com.comcast.documenttest.CreateDocumentWithFourTestCase" name="DeleteCreatedDocumentsTest" time="0.0">
    <ignored/>
  </testcase> <!-- DeleteCreatedDocumentsTest -->
  <testcase classname="com.comcast.crm.baseclass.BaseClass" name="@AfterSuite congigAS" time="0.0">
    <ignored/>
  </testcase> <!-- @AfterSuite congigAS -->
  <testcase classname="com.comcast.opportunittest.CreateOpportunityWithThreeTestcase" name="DeleteCreatedopportunityTest" time="0.0">
    <ignored/>
  </testcase> <!-- DeleteCreatedopportunityTest -->
  <testcase classname="com.comcast.crm.baseclass.BaseClass" name="@BeforeSuite configBS" time="0.0">
    <ignored/>
  </testcase> <!-- @BeforeSuite configBS -->
</testsuite> <!-- Test -->
