<?xml version="1.0" encoding="UTF-8"?>
<!-- Generated by org.testng.reporters.JUnitXMLReporter -->
<testsuite ignored="0" hostname="KundanVikas" failures="0" tests="4" name="TestRunner-Firefox" time="18.136" errors="0" timestamp="2025-04-10T11:09:32 IST">
  <testcase classname="com.comcast.documenttest.CreateDocumentWithThreeTestCase" name="CheckDocumentLinkTest" time="3.797"/>
  <testcase classname="com.comcast.documenttest.CreateDocumentWithThreeTestCase" name="CreateDocumentsTest" time="0.0">
    <skipped/>
  </testcase> <!-- CreateDocumentsTest -->
  <testcase classname="com.comcast.documenttest.CreateDocumentWithThreeTestCase" name="DeleteCreatedDocumentsTest" time="0.0">
    <skipped/>
  </testcase> <!-- DeleteCreatedDocumentsTest -->
  <testcase classname="com.comcast.documenttest.CreateDocumentWithThreeTestCase" name="DocumentAddIconTest" time="0.0">
    <skipped/>
  </testcase> <!-- DocumentAddIconTest -->
</testsuite> <!-- TestRunner-Firefox -->
